<?xml version="1.0" encoding="UTF-8"?>
<testng-results skipped="0" failed="0" ignored="0" total="1" passed="1">
  <reporter-output>
    <line>
      <![CDATA[<div "result">initailize the browser (PASSED : 17s)</div>]]>
    </line>
    <line>
      <![CDATA[<div "result">by using link &quot;https:&#x2F;&#x2F;www.flipkart.com&#x2F;&quot; (PASSED : 8s)</div>]]>
    </line>
    <line>
      <![CDATA[<div "result">CLick on login button (PASSED : 0s)</div>]]>
    </line>
    <line>
      <![CDATA[<div "result">Enter pavanscoool@gmail.com and kpavan1988 submit (PASSED : 4s)</div>]]>
    </line>
    <line>
      <![CDATA[<div "result">user should go to home page (PASSED : 0s)</div>]]>
    </line>
  </reporter-output>
  <suite name="Suite" duration-ms="31453" started-at="2022-02-23T10:34:51Z" finished-at="2022-02-23T10:35:22Z">
    <groups>
      <group name="cucumber">
        <method signature="AbstractTestNGCucumberTests.runScenario(cucumber.api.testng.PickleEventWrapper, cucumber.api.testng.CucumberFeatureWrapper)[pri:0, instance:cucumberOptions.TestRunner@527740a2]" name="runScenario" class="cucumber.api.testng.AbstractTestNGCucumberTests"/>
      </group> <!-- cucumber -->
    </groups>
    <test name="Test" duration-ms="31453" started-at="2022-02-23T10:34:51Z" finished-at="2022-02-23T10:35:22Z">
      <class name="cucumberOptions.TestRunner">
        <test-method status="PASS" signature="setUpClass()[pri:0, instance:cucumberOptions.TestRunner@527740a2]" name="setUpClass" is-config="true" duration-ms="535" started-at="2022-02-23T10:34:51Z" finished-at="2022-02-23T10:34:51Z">
          <reporter-output>
          </reporter-output>
        </test-method> <!-- setUpClass -->
        <test-method status="PASS" signature="runScenario(cucumber.api.testng.PickleEventWrapper, cucumber.api.testng.CucumberFeatureWrapper)[pri:0, instance:cucumberOptions.TestRunner@527740a2]" name="runScenario" duration-ms="30785" started-at="2022-02-23T10:34:51Z" description="Runs Cucumber Scenarios" data-provider="scenarios" finished-at="2022-02-23T10:35:22Z">
          <params>
            <param index="0">
              <value>
                <![CDATA["Login"]]>
              </value>
            </param>
            <param index="1">
              <value>
                <![CDATA["Regression"]]>
              </value>
            </param>
          </params>
          <reporter-output>
            <line>
              <![CDATA[<div "result">initailize the browser (PASSED : 17s)</div>]]>
            </line>
            <line>
              <![CDATA[<div "result">by using link &quot;https:&#x2F;&#x2F;www.flipkart.com&#x2F;&quot; (PASSED : 8s)</div>]]>
            </line>
            <line>
              <![CDATA[<div "result">CLick on login button (PASSED : 0s)</div>]]>
            </line>
            <line>
              <![CDATA[<div "result">Enter pavanscoool@gmail.com and kpavan1988 submit (PASSED : 4s)</div>]]>
            </line>
            <line>
              <![CDATA[<div "result">user should go to home page (PASSED : 0s)</div>]]>
            </line>
          </reporter-output>
        </test-method> <!-- runScenario -->
        <test-method status="PASS" signature="tearDownClass()[pri:0, instance:cucumberOptions.TestRunner@527740a2]" name="tearDownClass" is-config="true" duration-ms="10" started-at="2022-02-23T10:35:22Z" finished-at="2022-02-23T10:35:22Z">
          <reporter-output>
          </reporter-output>
        </test-method> <!-- tearDownClass -->
      </class> <!-- cucumberOptions.TestRunner -->
    </test> <!-- Test -->
  </suite> <!-- Suite -->
</testng-results>
